Fetching saved artists...
Found artist: Harry Styles
Found artist: Mary J. Blige
Found artist: Ms. Lauryn Hill
Found artist: Creedence Clearwater Revival
Found artist: MF DOOM
Found artist: Jack Harlow
Found artist: Del Water Gap
Found artist: Adrianne Lenker
Found artist: MGMT
Found artist: The Cranberries
Found artist: Gorillaz
Found artist: Miki Matsubara
Found artist: Cordae
Found artist: Rocco
Found artist: grentperez
Found artist: J. Cole
Found artist: Bob Marley & The Wailers
Found artist: Kali Uchis
Found artist: Omar Apollo
Found artist: Outkast
Found artist: Kid Cudi
Found artist: Mac Miller
Found artist: Childish Gambino
Found artist: Malcolm Todd
Found artist: Phoebe Bridgers
Found artist: Lizzy McAlpine
Found artist: Lil Wayne
Found artist: Japanese Breakfast
Found artist: The Strokes
Found artist: Sarah Kinsley
Found artist: Mazzy Star
Found artist: Beach House
Found artist: Tyler, The Creator
Found artist: Tame Impala
Found artist: The Alchemist
Found artist: Freddie Gibbs
Found artist: Pusha T
Found artist: ScHoolboy Q
Found artist: JID
Found artist: Denzel Curry
Found artist: Vince Staples
Found artist: Isaiah Rashad
Found artist: Joey Bada$$
Found artist: The Velvet Underground
Found artist: Looking Glass
Found artist: Fleetwood Mac
Found artist: Noah Kahan
Found artist: Frank Ocean
Found artist: GIVĒON
Found artist: Brent Faiyaz
Found artist: Bryson Tiller
Found artist: Jhené Aiko
Found artist: Miguel
Found artist: Daniel Caesar
Found artist: Travis Scott
Found artist: SZA
Found artist: Baby Keem
Found artist: Kanye West
Found artist: Kendrick Lamar
Found artist: Drake
Found artist: Men I Trust
Found artist: Laufey
Found artist: beabadoobee
Found artist: Faye Webster
Found artist: Clairo
Found artist: girl in red
Found artist: Cage The Elephant
Found artist: Rainbow Kitten Surprise
Found artist: Strawberry Guy
Found artist: Mac DeMarco
Found artist: Bakar
Found artist: Steve Lacy
Found artist: Dominic Fike
Found artist: Suki Waterhouse
Found artist: The Backseat Lovers
Found artist: Stevie Wonder
Found artist: Marvin Gaye
Found artist: Aretha Franklin
Found artist: Amy Winehouse
Found artist: Alex G
Found artist: alex_g_offline
Found artist: Mitski
Found artist: Roar
Found artist: TV Girl
Found artist: Ley Soul
Found artist: marQ
Total saved artists found: 86
Creating weekly mix with max 16 tracks, 60 minutes runtime, max 2 tracks per artist
✓ Starstudded by Malcolm Todd made it to the playlist!
Found album not belonging to artist 30gZlVVUt3gwNXlLorZjuq, stopping pagination
✓ what am i to you? by Rocco made it to the playlist!
Found album not belonging to artist 6USv9qhCn6zfxlBQIYJ9qs, stopping pagination
✓ Rollerblades by Dominic Fike made it to the playlist!
Found album not belonging to artist 1nJvji2KIlWSseXRSlNYsC, stopping pagination
✓ Beginning To See The Light by The Velvet Underground made it to the playlist!
Found album not belonging to artist 4LLpKhyESsyAXpc4laK94U, stopping pagination
✓ The Scoop On Heaven by Mac Miller made it to the playlist!
Found album not belonging to artist 5szilpXHcwOqnyKLqGco5j, stopping pagination
✓ After the First Kiss by Faye Webster made it to the playlist!
Found album not belonging to artist 1GmsPCcpKgF9OhlNXjOsbS, stopping pagination
✓ I Think I by Lizzy McAlpine made it to the playlist!
Found album not belonging to artist 26T3LtbuGT1Fu9m0eRq5X3, stopping pagination
✓ Broken Boy (feat. Iggy Pop) by Cage The Elephant made it to the playlist!
Found album not belonging to artist 0huGjMyP507tBCARyzSkrv, stopping pagination
More Life (feat. Q Tip) by Cordae is already saved
✓ Intergalactic Janet by Ley Soul made it to the playlist!
Found album not belonging to artist 0epOFNiUfyON9EYx7Tpr6V, stopping pagination
✓ 15 Minutes by The Strokes made it to the playlist!
Found album not belonging to artist 5SXuuuRpukkTvsLuUknva1, stopping pagination
✓ FRANCE FREESTYLE by Baby Keem made it to the playlist!
Found album not belonging to artist 4hz8tIajF2INpgM0qzPJz2, stopping pagination
✓ Cold Love - Live from Athens Georgia by Rainbow Kitten Surprise made it to the playlist!
Found album not belonging to artist 4aKWmkWAKviFlyvHYPTNQY, stopping pagination
✓ dragon eyes by Adrianne Lenker made it to the playlist!
✓ Butterflies by TV Girl made it to the playlist!
Geezer by Dominic Fike is already saved
Found album not belonging to artist 08GQAI4eElDnROBrJRGE0X, stopping pagination
✓ Remember Me - 2018 Remaster by Fleetwood Mac made it to the playlist!
Found album not belonging to artist 6Q192DXotxtaysaqNPy5yR, stopping pagination
✓ Stronger Than Me - Later With Jools Holland, London / 2003 by Amy Winehouse made it to the playlist!

Playlist created with 16 tracks
Total runtime: 54.1 minutes
Attempts made: 18
Creating playlist: Weekly Mix 36
Playlist 'Weekly Mix 36' created successfully!
Playlist URL: https://open.spotify.com/playlist/3dWgn2Gsdvv4EcNVoVvtQw

Artist distribution in the playlist:
Malcolm Todd: 1 track(s)
Rocco: 1 track(s)
Dominic Fike: 1 track(s)
The Velvet Underground: 1 track(s)
Mac Miller: 1 track(s)
Faye Webster: 1 track(s)
Lizzy McAlpine: 1 track(s)
Cage The Elephant: 1 track(s)
Ley Soul: 1 track(s)
The Strokes: 1 track(s)
Baby Keem: 1 track(s)
Rainbow Kitten Surprise: 1 track(s)
Adrianne Lenker: 1 track(s)
TV Girl: 1 track(s)
Fleetwood Mac: 1 track(s)
Amy Winehouse: 1 track(s)
Fetching saved artists...
Found artist: Lola Young
Found artist: Harry Styles
Found artist: Mary J. Blige
Found artist: Ms. Lauryn Hill
Found artist: Creedence Clearwater Revival
Found artist: MF DOOM
Found artist: Jack Harlow
Found artist: Del Water Gap
Found artist: Adrianne Lenker
Found artist: MGMT
Found artist: The Cranberries
Found artist: Gorillaz
Found artist: Miki Matsubara
Found artist: Cordae
Found artist: Rocco
Found artist: grentperez
Found artist: J. Cole
Found artist: Bob Marley & The Wailers
Found artist: Kali Uchis
Found artist: Omar Apollo
Found artist: Outkast
Found artist: Kid Cudi
Found artist: Mac Miller
Found artist: Childish Gambino
Found artist: Malcolm Todd
Found artist: Phoebe Bridgers
Found artist: Lil Wayne
Found artist: Japanese Breakfast
Found artist: The Strokes
Found artist: Sarah Kinsley
Found artist: Mazzy Star
Found artist: Beach House
Found artist: Tyler, The Creator
Found artist: Tame Impala
Found artist: The Alchemist
Found artist: Freddie Gibbs
Found artist: Pusha T
Found artist: ScHoolboy Q
Found artist: JID
Found artist: Denzel Curry
Found artist: Vince Staples
Found artist: Isaiah Rashad
Found artist: Joey Bada$$
Found artist: The Velvet Underground
Found artist: Looking Glass
Found artist: Fleetwood Mac
Found artist: Noah Kahan
Found artist: Frank Ocean
Found artist: GIVĒON
Found artist: Brent Faiyaz
Found artist: Bryson Tiller
Found artist: Jhené Aiko
Found artist: Miguel
Found artist: Daniel Caesar
Found artist: Travis Scott
Found artist: SZA
Found artist: Baby Keem
Found artist: Kanye West
Found artist: Kendrick Lamar
Found artist: Drake
Found artist: Men I Trust
Found artist: Laufey
Found artist: beabadoobee
Found artist: Faye Webster
Found artist: Clairo
Found artist: girl in red
Found artist: Cage The Elephant
Found artist: Rainbow Kitten Surprise
Found artist: Strawberry Guy
Found artist: Mac DeMarco
Found artist: Bakar
Found artist: Steve Lacy
Found artist: Dominic Fike
Found artist: Suki Waterhouse
Found artist: The Backseat Lovers
Found artist: Stevie Wonder
Found artist: Marvin Gaye
Found artist: Aretha Franklin
Found artist: Amy Winehouse
Found artist: Alex G
Found artist: alex_g_offline
Found artist: Mitski
Found artist: Roar
Found artist: TV Girl
Found artist: Ley Soul
Found artist: marQ
Total saved artists found: 86
Creating weekly mix with max 16 tracks, 60 minutes runtime, max 2 tracks per artist
Found album not belonging to artist 4hz8tIajF2INpgM0qzPJz2, stopping pagination
✓ Our Song by Rainbow Kitten Surprise made it to the playlist!
Found album not belonging to artist 2LIk90788K0zvyj2JJVwkJ, stopping pagination
✓ Dark Knight by Jack Harlow made it to the playlist!
Found album not belonging to artist 2YZyLoL8N0Wb9xBt1NhZWg, stopping pagination
✓ untitled 07 | 2014 - 2016 by Kendrick Lamar made it to the playlist!
Found album not belonging to artist 5IcR3N7QB1j6KBL8eImZ8m, stopping pagination
✓ Wild Youngster (feat. ScHoolboy Q) by ScHoolboy Q made it to the playlist!
Found album not belonging to artist 0Y5tJX1MQlPlqiwlOH1tJY, stopping pagination
✓ Modern Slavery by Travis Scott made it to the playlist!
Found album not belonging to artist 1r1uxoy19fzMxunt3ONAkG, stopping pagination
✓ Funeral by Phoebe Bridgers made it to the playlist!
✓ née-nah by Travis Scott made it to the playlist!
Found album not belonging to artist 4LLpKhyESsyAXpc4laK94U, stopping pagination
✓ Youforia by Mac Miller made it to the playlist!
Found album not belonging to artist 1U1el3k54VvEUzo3ybLPlM, stopping pagination
✓ Dame Beso // Muévete by Kali Uchis made it to the playlist!
Found album not belonging to artist 2RQXRUsr4IW1f3mKyKsy4B, stopping pagination
✓ Call Your Mom (with Lizzy McAlpine) by Noah Kahan made it to the playlist!
✓ Smoke Signals by Phoebe Bridgers made it to the playlist!
Found album not belonging to artist 7dIpKWlEeAljA20vFJ82RD, stopping pagination
✓ Arson Eyes by Roar made it to the playlist!
Found album not belonging to artist 7t0rwkOPGlDPEhaOcVtOt9, stopping pagination
✓ Pathetic Senses - 'Uncertain' EP Version by The Cranberries made it to the playlist!
Found album not belonging to artist 6aaMZ3fcfLv4tEbmY7bjRM, stopping pagination
✓ Rolling Stoned by Isaiah Rashad made it to the playlist!
Found album not belonging to artist 34A8vV1MCxGpA14KspqQuC, stopping pagination
Hills Of Fire by Sarah Kinsley is already saved
Out of Bounds by Malcolm Todd is already saved
Found album not belonging to artist 3TVXtAsR1Inumwj472S9r4, stopping pagination
✓ Toosie Slide by Drake made it to the playlist!
Found album not belonging to artist 7MoIc5s9KXolCBH1fy9kkw, stopping pagination
✓ The Ballad of the Witches' Road (Pop Version) - From "Agatha All Along"/Soundtrack Version by Japanese Breakfast made it to the playlist!

Playlist created with 16 tracks
Total runtime: 59.6 minutes
Attempts made: 18
Creating playlist: Weekly Mix 37
Playlist 'Weekly Mix 37' created successfully!
Playlist URL: https://open.spotify.com/playlist/1cGNehSjqrGazWKUlXm9NS

Artist distribution in the playlist:
Rainbow Kitten Surprise: 1 track(s)
Jack Harlow: 1 track(s)
Kendrick Lamar: 1 track(s)
ScHoolboy Q: 1 track(s)
Travis Scott: 2 track(s)
Phoebe Bridgers: 2 track(s)
Mac Miller: 1 track(s)
Kali Uchis: 1 track(s)
Noah Kahan: 1 track(s)
Roar: 1 track(s)
The Cranberries: 1 track(s)
Isaiah Rashad: 1 track(s)
Drake: 1 track(s)
Japanese Breakfast: 1 track(s)
Fetching saved artists...
Found artist: Prince
Found artist: The Kid LAROI
Found artist: Lola Young
Found artist: Harry Styles
Found artist: Mary J. Blige
Found artist: Ms. Lauryn Hill
Found artist: Creedence Clearwater Revival
Found artist: MF DOOM
Found artist: Jack Harlow
Found artist: Del Water Gap
Found artist: Adrianne Lenker
Found artist: MGMT
Found artist: The Cranberries
Found artist: Gorillaz
Found artist: Miki Matsubara
Found artist: Cordae
Found artist: Rocco
Found artist: grentperez
Found artist: J. Cole
Found artist: Bob Marley & The Wailers
Found artist: Kali Uchis
Found artist: Omar Apollo
Found artist: Outkast
Found artist: Kid Cudi
Found artist: Mac Miller
Found artist: Childish Gambino
Found artist: Malcolm Todd
Found artist: Phoebe Bridgers
Found artist: Lil Wayne
Found artist: Japanese Breakfast
Found artist: The Strokes
Found artist: Sarah Kinsley
Found artist: Mazzy Star
Found artist: Beach House
Found artist: Tyler, The Creator
Found artist: Tame Impala
Found artist: The Alchemist
Found artist: Freddie Gibbs
Found artist: Pusha T
Found artist: ScHoolboy Q
Found artist: JID
Found artist: Denzel Curry
Found artist: Vince Staples
Found artist: Isaiah Rashad
Found artist: Joey Bada$$
Found artist: The Velvet Underground
Found artist: Looking Glass
Found artist: Fleetwood Mac
Found artist: Noah Kahan
Found artist: Frank Ocean
Found artist: GIVĒON
Found artist: Brent Faiyaz
Found artist: Bryson Tiller
Found artist: Jhené Aiko
Found artist: Miguel
Found artist: Daniel Caesar
Found artist: Travis Scott
Found artist: SZA
Found artist: Baby Keem
Found artist: Kanye West
Found artist: Kendrick Lamar
Found artist: Drake
Found artist: Men I Trust
Found artist: Laufey
Found artist: beabadoobee
Found artist: Faye Webster
Found artist: Clairo
Found artist: girl in red
Found artist: Cage The Elephant
Found artist: Rainbow Kitten Surprise
Found artist: Strawberry Guy
Found artist: Mac DeMarco
Found artist: Bakar
Found artist: Steve Lacy
Found artist: Dominic Fike
Found artist: Suki Waterhouse
Found artist: The Backseat Lovers
Found artist: Stevie Wonder
Found artist: Marvin Gaye
Found artist: Aretha Franklin
Found artist: Amy Winehouse
Found artist: Alex G
Found artist: alex_g_offline
Found artist: Mitski
Found artist: Roar
Found artist: TV Girl
Found artist: Ley Soul
Found artist: marQ
Total saved artists found: 88
Creating weekly mix with max 16 tracks, 60 minutes runtime, max 2 tracks per artist
Found album not belonging to artist 55Aa2cqylxrFIXC767Z865, stopping pagination
✓ Miami (feat. Lil Wayne & Rick Ross) by Lil Wayne made it to the playlist!
Found album not belonging to artist 08GQAI4eElDnROBrJRGE0X, stopping pagination
✓ The Chain - Live at Richfield Coliseum, Cleveland, OH, 5/20/80 by Fleetwood Mac made it to the playlist!
✓ Laura by TV Girl made it to the playlist!
Found album not belonging to artist 7t0rwkOPGlDPEhaOcVtOt9, stopping pagination
✓ Schizophrenic Playboys - Live by The Cranberries made it to the playlist!
Found album not belonging to artist 3koiLjNrgRTNbOwViDipeA, stopping pagination
✓ Witchcraft by Marvin Gaye made it to the playlist!
Found album not belonging to artist 5szilpXHcwOqnyKLqGco5j, stopping pagination
✓ Make 'em Laugh by Faye Webster made it to the playlist!
Found album not belonging to artist 5INjqkS1o8h1imAzPqGZBb, stopping pagination
✓ One Night/All Night by Tame Impala made it to the playlist!
Found album not belonging to artist 7nwUJBm0HE4ZxD3f5cy5ok, stopping pagination
✓ Think by Aretha Franklin made it to the playlist!
✓ Silver Heels by Fleetwood Mac made it to the playlist!
Found album not belonging to artist 1XkoF8ryArs86LZvFOkbyr, stopping pagination
✓ Breathing (feat. Fabolous) by Mary J. Blige made it to the playlist!
✓ Beautiful Life All Stars by Mary J. Blige made it to the playlist!
Found album not belonging to artist 4hz8tIajF2INpgM0qzPJz2, stopping pagination
✓ Overtime (feat. Kacey Musgraves) by Rainbow Kitten Surprise made it to the playlist!
Morning Rain by Fleetwood Mac - too many tracks by this artist already
Found album not belonging to artist 2EMAnMvWE2eb56ToJVfCWs, stopping pagination
✓ Insecure by Bryson Tiller made it to the playlist!
Found album not belonging to artist 3uwAm6vQy7kWPS2bciKWx9, stopping pagination
✓ Too Much by girl in red made it to the playlist!
Found album not belonging to artist 2pAWfrd7WFF3XhVt9GooDL, stopping pagination
✓ Dragon's Blood by MF DOOM made it to the playlist!
Gimme Your Love (with James Brown) by Aretha Franklin would make playlist too long
Found album not belonging to artist 1G9G7WwrXka3Z1r7aIDjI7, stopping pagination
Ms. Jackson - slowed + reverb by Outkast would make playlist too long
Found album not belonging to artist 1r1uxoy19fzMxunt3ONAkG, stopping pagination
Funeral by Phoebe Bridgers is already saved
Found album not belonging to artist 3Sz7ZnJQBIHsXLUSo0OQtM, stopping pagination
✓ Salad Days by Mac DeMarco made it to the playlist!

Playlist created with 16 tracks
Total runtime: 58.4 minutes
Attempts made: 20
Creating playlist: Weekly Mix 38
Playlist 'Weekly Mix 38' created successfully!
Playlist URL: https://open.spotify.com/playlist/4u0H4DlzLGXlju0hC6El7g

Artist distribution in the playlist:
Lil Wayne: 1 track(s)
Fleetwood Mac: 2 track(s)
TV Girl: 1 track(s)
The Cranberries: 1 track(s)
Marvin Gaye: 1 track(s)
Faye Webster: 1 track(s)
Tame Impala: 1 track(s)
Aretha Franklin: 1 track(s)
Mary J. Blige: 2 track(s)
Rainbow Kitten Surprise: 1 track(s)
Bryson Tiller: 1 track(s)
girl in red: 1 track(s)
MF DOOM: 1 track(s)
Outkast: 0 track(s)
Mac DeMarco: 1 track(s)
Fetching saved artists...
Found artist: Gregory Alan Isakov
Found artist: Prince
Found artist: The Kid LAROI
Found artist: Lola Young
Found artist: Harry Styles
Found artist: Mary J. Blige
Found artist: Ms. Lauryn Hill
Found artist: Creedence Clearwater Revival
Found artist: MF DOOM
Found artist: Jack Harlow
Found artist: Del Water Gap
Found artist: Adrianne Lenker
Found artist: MGMT
Found artist: The Cranberries
Found artist: Gorillaz
Found artist: Miki Matsubara
Found artist: Cordae
Found artist: Rocco
Found artist: grentperez
Found artist: J. Cole
Found artist: Bob Marley & The Wailers
Found artist: Kali Uchis
Found artist: Omar Apollo
Found artist: Outkast
Found artist: Kid Cudi
Found artist: Mac Miller
Found artist: Childish Gambino
Found artist: Malcolm Todd
Found artist: Phoebe Bridgers
Found artist: Lil Wayne
Found artist: Japanese Breakfast
Found artist: The Strokes
Found artist: Sarah Kinsley
Found artist: Mazzy Star
Found artist: Beach House
Found artist: Tyler, The Creator
Found artist: Tame Impala
Found artist: The Alchemist
Found artist: Freddie Gibbs
Found artist: Pusha T
Found artist: ScHoolboy Q
Found artist: JID
Found artist: Denzel Curry
Found artist: Vince Staples
Found artist: Isaiah Rashad
Found artist: Joey Bada$$
Found artist: The Velvet Underground
Found artist: Looking Glass
Found artist: Fleetwood Mac
Found artist: Noah Kahan
Found artist: Frank Ocean
Found artist: GIVĒON
Found artist: Brent Faiyaz
Found artist: Bryson Tiller
Found artist: Jhené Aiko
Found artist: Miguel
Found artist: Daniel Caesar
Found artist: Travis Scott
Found artist: SZA
Found artist: Baby Keem
Found artist: Kanye West
Found artist: Kendrick Lamar
Found artist: Drake
Found artist: Men I Trust
Found artist: Laufey
Found artist: beabadoobee
Found artist: Faye Webster
Found artist: Clairo
Found artist: girl in red
Found artist: Cage The Elephant
Found artist: Rainbow Kitten Surprise
Found artist: Strawberry Guy
Found artist: Mac DeMarco
Found artist: Bakar
Found artist: Steve Lacy
Found artist: Dominic Fike
Found artist: Suki Waterhouse
Found artist: The Backseat Lovers
Found artist: Stevie Wonder
Found artist: Marvin Gaye
Found artist: Aretha Franklin
Found artist: Amy Winehouse
Found artist: Alex G
Found artist: alex_g_offline
Found artist: Mitski
Found artist: Roar
Found artist: TV Girl
Found artist: Ley Soul
Found artist: marQ
Total saved artists found: 89
Creating weekly mix with max 16 tracks, 60 minutes runtime, max 2 tracks per artist
Found album not belonging to artist 3uwAm6vQy7kWPS2bciKWx9, stopping pagination
✓ i need to be alone. by girl in red made it to the playlist!
Found album not belonging to artist 08GQAI4eElDnROBrJRGE0X, stopping pagination
✓ Hold Me by Fleetwood Mac made it to the playlist!
Found album not belonging to artist 55Aa2cqylxrFIXC767Z865, stopping pagination
✓ B.B. King Freestyle (with Drake) by Lil Wayne made it to the playlist!
Found album not belonging to artist 5IcR3N7QB1j6KBL8eImZ8m, stopping pagination
✓ Druggys WitH Hoes Again by ScHoolboy Q made it to the playlist!
Found album not belonging to artist 2pAWfrd7WFF3XhVt9GooDL, stopping pagination
✓ Doomsday - Remix by MF DOOM made it to the playlist!
Found album not belonging to artist 1nJvji2KIlWSseXRSlNYsC, stopping pagination
✓ Heroin - Mono by The Velvet Underground made it to the playlist!
Found album not belonging to artist 7nwUJBm0HE4ZxD3f5cy5ok, stopping pagination
✓ Day Dreaming / Say a Little Prayer / See Saw / Rock Steady - Live by Aretha Franklin made it to the playlist!
Found album not belonging to artist 0ONHkAv9pCAFxb0zJwDNTy, stopping pagination
✓ Your Favorite Rapper by Pusha T made it to the playlist!
Found album not belonging to artist 6Q192DXotxtaysaqNPy5yR, stopping pagination
✓ Back To Black - Steve Mac Vocal by Amy Winehouse made it to the playlist!
Found album not belonging to artist 6U3ybJ9UHNKEdsH7ktGBZ7, stopping pagination
✓ LO TENGO by JID made it to the playlist!
Found album not belonging to artist 0SwO7SWeDHJijQ3XNS7xEE, stopping pagination
✓ Bubblegum Dog by MGMT made it to the playlist!
Found album not belonging to artist 2RQXRUsr4IW1f3mKyKsy4B, stopping pagination
✓ Stick Season - Live From Fenway Park by Noah Kahan made it to the playlist!
Found album not belonging to artist 20wkVLutqVOYrc0kxFs7rA, stopping pagination
✓ Valentina by Daniel Caesar made it to the playlist!
Found album not belonging to artist 5K4W6rqBFWDnAN6FQUkS6x, stopping pagination
We Don't Care - Live Version by Kanye West would make playlist too long
Found album not belonging to artist 2QsynagSdAqZj3U9HgDzjD, stopping pagination
✓ Donna by Bob Marley & The Wailers made it to the playlist!
Found album not belonging to artist 2P5sC9cVZDToPxyomzF1UH, stopping pagination
STILL (feat. Ab-Soul & Rapsody) by Joey Bada$$ would make playlist too long
Found album not belonging to artist 1U1el3k54VvEUzo3ybLPlM, stopping pagination
honey baby (SPOILED!) by Kali Uchis would make playlist too long
Found album not belonging to artist 34A8vV1MCxGpA14KspqQuC, stopping pagination
Matter by Sarah Kinsley would make playlist too long
Break by alex_g_offline would make playlist too long
Found album not belonging to artist 7tYKF4w9nC0nq9CsPZTHyP, stopping pagination
Snooze by SZA would make playlist too long
Found album not belonging to artist 68kEuyFKyqrdQQLLsmiatm, stopping pagination
Señorita by Vince Staples would make playlist too long
Found album not belonging to artist 3Sz7ZnJQBIHsXLUSo0OQtM, stopping pagination
On the Level by Mac DeMarco would make playlist too long
Smile at You by Fleetwood Mac would make playlist too long
Found album not belonging to artist 7guDJrEfX3qb6FEbdPA5qi, stopping pagination
You And I by Stevie Wonder would make playlist too long
Found album not belonging to artist 6fxyWrfmjcbj5d12gXeiNV, stopping pagination
G’Z UP by Denzel Curry would make playlist too long
Danger Danger (with Swizz Beatz, Pusha T & Jadakiss) by Pusha T would make playlist too long
Found album not belonging to artist 1XkoF8ryArs86LZvFOkbyr, stopping pagination
I Like (feat. Mary J. Blige) by Mary J. Blige would make playlist too long
Found album not belonging to artist 30gZlVVUt3gwNXlLorZjuq, stopping pagination
be careful with my heart by Rocco would make playlist too long
Found album not belonging to artist 7dIpKWlEeAljA20vFJ82RD, stopping pagination
Arson Eyes by Roar would make playlist too long
Found album not belonging to artist 7gW0r5CkdEUMm42w9XpyZO, stopping pagination
Have Yourself A Merry Little Christmas by Laufey would make playlist too long
Know What I Want by Kali Uchis would make playlist too long
Found album not belonging to artist 3AA28KZvwAUcZuOKwyblJQ, stopping pagination
The Happy Dictator (feat. Sparks) by Gorillaz would make playlist too long
Found album not belonging to artist 1AbJ2cmwK400LSvdvBL5Jc, stopping pagination
Mrs Magic (Strings Version) by Strawberry Guy is already saved
Found album not belonging to artist 1G9G7WwrXka3Z1r7aIDjI7, stopping pagination
Peaches (Intro) by Outkast would make playlist too long
Found album not belonging to artist 0Y5tJX1MQlPlqiwlOH1tJY, stopping pagination
Whole Lotta Lovin' - Le Boeuf Remix by Travis Scott would make playlist too long
Found album not belonging to artist 6l3HvQ5sa6mXTsMTB19rO5, stopping pagination
Mr. Nice Watch by J. Cole would make playlist too long
Found album not belonging to artist 6p2HnfM955TI1bX34dkLnI, stopping pagination
Just a Boy by The Backseat Lovers would make playlist too long
Found album not belonging to artist 73sIBHcqh3Z3NyqHKZ7FOL, stopping pagination
Dadvocate by Childish Gambino would make playlist too long
i wanna be your girlfriend by girl in red would make playlist too long
Found album not belonging to artist 6USv9qhCn6zfxlBQIYJ9qs, stopping pagination
Doggy (feat. Love Spells and Truly Young) by Dominic Fike would make playlist too long
I Wait for You by alex_g_offline would make playlist too long
Found album not belonging to artist 0qrESwlBOjY46UxJrhsRbC, stopping pagination
Farewell by marQ would make playlist too long
Found album not belonging to artist 5SXuuuRpukkTvsLuUknva1, stopping pagination
leavemealone - Nia Archives Remix by Baby Keem would make playlist too long
Hot in NY by Malcolm Todd would make playlist too long
Found album not belonging to artist 2uYWxilOVlUdk4oV9DvwqK, stopping pagination
A Burning Hill by Mitski is already saved
Found album not belonging to artist 37w38cCSGgKLdayTRjna4W, stopping pagination
So Tonight That I Might See - .ascension version by Mazzy Star would make playlist too long
Third Avenue by Rocco would make playlist too long
south africa by Baby Keem would make playlist too long
Snow On Tha Bluff by J. Cole would make playlist too long
Into Sands by Ley Soul is already saved
Found album not belonging to artist 4V8LLVI7PbaPR0K2TGSxFF, stopping pagination
435 by Tyler, The Creator would make playlist too long
Tell It to Me Like It Is by MGMT would make playlist too long
I'm Goin' Down - Remix by Mary J. Blige would make playlist too long
Kilby Girl (Live) by The Backseat Lovers would make playlist too long
Found album not belonging to artist 0xPoVNPnxIIUS1vrxAYV00, stopping pagination
To Philly by Del Water Gap would make playlist too long
Found album not belonging to artist 5szilpXHcwOqnyKLqGco5j, stopping pagination
In A Good Way by Faye Webster would make playlist too long
Kill Bill - Sped Up Version by SZA would make playlist too long
This Is America by Childish Gambino is already saved
I Can Feel It by Sarah Kinsley would make playlist too long
I've Been Let Down by Mazzy Star would make playlist too long
Valentine by Laufey would make playlist too long
Found album not belonging to artist 0eVyjRhzZKke2KFYTcDkeu, stopping pagination
Storm Coming by The Alchemist would make playlist too long
Ascension (feat. Vince Staples) by Gorillaz would make playlist too long
Pull Up (feat. Joey Bada$$, Meechy Darko, Zombie Juice & The Underachievers) (Beastcoast Remix) by Joey Bada$$ would make playlist too long
Found album not belonging to artist 5INjqkS1o8h1imAzPqGZBb, stopping pagination
Runway Houses City Clouds - 2020 Mix by Tame Impala would make playlist too long
Found album not belonging to artist 2Mu5NfyYm8n5iTomuKAEHl, stopping pagination
Feeling Good by Ms. Lauryn Hill would make playlist too long
I Pity The Fool by Stevie Wonder would make playlist too long
Found album not belonging to artist 6lcwlkAjBPSKnFBZjjZFJs, stopping pagination
Proud by Alex G would make playlist too long
Found album not belonging to artist 3l0CmX0FuQjFxr8SK7Vqag, stopping pagination
Sis by Clairo would make playlist too long
Clouds by Rocco would make playlist too long
Someone Like You (feat. Joy Oladokun) by Noah Kahan would make playlist too long
Found album not belonging to artist 360IAlyVv4PCEVjgyMZrxK, stopping pagination
Sunshine (feat. Miguel) by Miguel would make playlist too long
Found album not belonging to artist 0epOFNiUfyON9EYx7Tpr6V, stopping pagination
Taken for a Fool by The Strokes would make playlist too long
SOUTH OF FRANCE - REMIX by Travis Scott would make playlist too long
girls by girl in red would make playlist too long
Two by marQ would make playlist too long
Rollerblades by Dominic Fike would make playlist too long
War by Bob Marley & The Wailers would make playlist too long
Found album not belonging to artist 4fxd5Ee7UefO4CUXgwJ7IP, stopping pagination
TWENTIES by GIVĒON would make playlist too long
Love Again by Daniel Caesar would make playlist too long
BEAUTIFUL (feat. Future & SZA) by SZA would make playlist too long
Found album not belonging to artist 57vWImR43h4CaDao012Ofp, stopping pagination
Bad Habit - Sped Up by Steve Lacy would make playlist too long
Right Side of My Neck by Faye Webster would make playlist too long
Get With U by Clairo would make playlist too long
I Am - Boy Baxter Radio Remix by Mary J. Blige would make playlist too long
Found album not belonging to artist 2LIk90788K0zvyj2JJVwkJ, stopping pagination
Way Out (feat. Big Sean) by Jack Harlow would make playlist too long
Fly Away by Ley Soul would make playlist too long
What Was Mine by Sarah Kinsley would make playlist too long
Found album not belonging to artist 3IYUhFvPQItj6xySrBmZkd, stopping pagination
Suzie Q (Pt. 2) - Mono Single by Creedence Clearwater Revival would make playlist too long
Found album not belonging to artist 5GGJosGMs08YEmKTZJe1fL, stopping pagination
Brutally by Suki Waterhouse would make playlist too long
Whole Lotta Lovin' - Djemba Djemba Remix by Travis Scott would make playlist too long
Pretty Face by marQ would make playlist too long
Can We Fix Our Nation's Broken Heart by Stevie Wonder would make playlist too long
no eres tu(soy yo) by Kali Uchis would make playlist too long
Found album not belonging to artist 3zmfs9cQwzJl575W1ZYXeT, stopping pagination
Girl by Men I Trust would make playlist too long
What Christmas Means To Me (with Stevie Wonder) by Stevie Wonder would make playlist too long
Know Better (feat. Lil' Mo & Vince Staples) by Vince Staples would make playlist too long
Found album not belonging to artist 0huGjMyP507tBCARyzSkrv, stopping pagination
Summer Drop (feat. Anderson .Paak) by Cordae would make playlist too long
Found album not belonging to artist 6KImCVD70vtIoJWnq6nGn3, stopping pagination
Matilda by Harry Styles would make playlist too long
Space Ho's - Madlib Remix by MF DOOM would make playlist too long
Texas Reznikoff by Mitski would make playlist too long
SPEEDBOAT - J Rick Remix Feat. SL by Denzel Curry would make playlist too long
Sexting by ScHoolboy Q would make playlist too long
Baby Boy by Childish Gambino would make playlist too long
Found album not belonging to artist 4LLpKhyESsyAXpc4laK94U, stopping pagination
S.D.S. by Mac Miller would make playlist too long
CARNIVAL - HOOLIGANS VERSION by Kanye West would make playlist too long
Into Sands by Ley Soul is already saved
Borderline - Blood Orange Remix by Tame Impala would make playlist too long
THE SCOTTS by Travis Scott is already saved
Lover Girl by Laufey would make playlist too long
Profitless Thoughts KutMasta Kurt REMIX INSTRUMENTAL by MF DOOM would make playlist too long
Found album not belonging to artist 0Y4inQK6OespitzD6ijMwb, stopping pagination
Rabbit Island by Freddie Gibbs would make playlist too long
Found album not belonging to artist 2h93pZq0e7k5yf4dywlkpM, stopping pagination
Novacane by Frank Ocean is already saved
Found album not belonging to artist 2tIP7SsRs7vjIcLrU85W8J, stopping pagination
TOO MUCH by The Kid LAROI would make playlist too long
Heart In a Cage by The Strokes would make playlist too long
Kitchen Fire by marQ would make playlist too long
Poor Grammar by Roar would make playlist too long
Found album not belonging to artist 0fA0VVWsXO9YnASrzqfmYu, stopping pagination
Lovin’ Me (feat. Phoebe Bridgers) by Kid Cudi would make playlist too long
Make 'em Laugh by Faye Webster would make playlist too long
Found album not belonging to artist 6aaMZ3fcfLv4tEbmY7bjRM, stopping pagination
Wat U Sed (feat. Doechii & Kal Banx) by Isaiah Rashad would make playlist too long
Fortune Eyes by Ley Soul would make playlist too long
Avocado Andrew by Mac DeMarco would make playlist too long
Let Me Out (feat. Mavis Staples & Pusha T) - Banx & Ranx Remix by Gorillaz would make playlist too long
Fortune Eyes by Ley Soul would make playlist too long
Kill Bill - Acoustic by SZA would make playlist too long
I Wait for You by alex_g_offline would make playlist too long
Found album not belonging to artist 1r1uxoy19fzMxunt3ONAkG, stopping pagination
That Funny Feeling by Phoebe Bridgers would make playlist too long
Severed Head (feat. Goldlink and Unknown Mortal Orchestra) by Gorillaz would make playlist too long
Found album not belonging to artist 4hUmsYcvD8C5zuVSP93jb1, stopping pagination
Manhattan Wind by Miki Matsubara would make playlist too long
Take Me by Roar would make playlist too long
Found album not belonging to artist 7MoIc5s9KXolCBH1fy9kkw, stopping pagination
The Ballad of the Witches' Road (Pop Version) - From "Agatha All Along"/Soundtrack Version by Japanese Breakfast would make playlist too long
Rags To Riches (At The Beep) by J. Cole would make playlist too long
Wat U Sed (feat. Doechii & Kal Banx) by Isaiah Rashad would make playlist too long
Found album not belonging to artist 67FB4n52MgexGQIG8s0yUH, stopping pagination
So Sorry by Lola Young would make playlist too long
Back On My Feet by Strawberry Guy would make playlist too long
Found album not belonging to artist 3TVXtAsR1Inumwj472S9r4, stopping pagination
You’re Mines Still (feat. Drake) by Drake would make playlist too long
Canyon Moon by Harry Styles would make playlist too long
Love Yourz by J. Cole is already saved
Stay Soft by Mitski would make playlist too long
Enemy (with JID) - from the series Arcane League of Legends by JID would make playlist too long
Found album not belonging to artist 5FxD8fkQZ6KcsSYupDVoSO, stopping pagination
Ugotme by Omar Apollo would make playlist too long
Soda (feat. Take A Daytrip) by Cordae would make playlist too long
Respect - Live at Berns Salonger - Stockholm May 2nd. 1968 [Restauración 2023] by Aretha Franklin would make playlist too long
Pill or a Lullaby (4AM till sunrise) by Lola Young is already saved
Glue Myself Shut by Noah Kahan would make playlist too long
Keep On Chooglin' by Creedence Clearwater Revival would make playlist too long
Python by Miguel would make playlist too long
Watching Movies by Mac Miller would make playlist too long
Maintain (F**k How You Feel) by The Alchemist would make playlist too long
Darkness - Edit by MF DOOM would make playlist too long
Biking (Solo) by Frank Ocean would make playlist too long
Better by Clairo would make playlist too long
Trouble by Omar Apollo would make playlist too long
Found album not belonging to artist 4hz8tIajF2INpgM0qzPJz2, stopping pagination
100 Summers by Rainbow Kitten Surprise would make playlist too long
Sink by Noah Kahan would make playlist too long
Found album not belonging to artist 26T3LtbuGT1Fu9m0eRq5X3, stopping pagination
Lotus - Live From The Vic In Chicago by Cage The Elephant would make playlist too long
Found album not belonging to artist 35l9BRT7MXmM8bv2WDQiyB, stopping pagination
CYBERKISS 2 U* by beabadoobee would make playlist too long
Get With U by Clairo would make playlist too long
On McAfee (with Baby Kia) by JID would make playlist too long
The Highs & The Lows by Joey Bada$$ would make playlist too long
Found album not belonging to artist 2EMAnMvWE2eb56ToJVfCWs, stopping pagination
Burnout (feat. Bun B) by Bryson Tiller would make playlist too long
Last Time (feat. Snoh Aalegra) by GIVĒON would make playlist too long
Made to Fall in Love by Daniel Caesar would make playlist too long
It's Working - Violens Remix by MGMT would make playlist too long
Sagittarius Superstar by Faye Webster would make playlist too long
Come a Little Closer - Live From Guitar Center by Cage The Elephant would make playlist too long
Funeral by Phoebe Bridgers is already saved
Fly Away by Ley Soul would make playlist too long
Drifting by Omar Apollo would make playlist too long
Ex-Factor - A Simple Breakdown by Ms. Lauryn Hill would make playlist too long
Found album not belonging to artist 5sXaGoRLSpd7VeyZrLkKwt, stopping pagination
Appaloosa Bones by Gregory Alan Isakov would make playlist too long
Fortune Eyes by Ley Soul would make playlist too long
t h e . c l i m b . b a c k by J. Cole would make playlist too long
Found album not belonging to artist 2YZyLoL8N0Wb9xBt1NhZWg, stopping pagination
The Heart Part 4 by Kendrick Lamar would make playlist too long
You Only Live Once by The Strokes would make playlist too long
A Dream With a Baseball Player by Faye Webster would make playlist too long
Some Unholy War - Live From Shepherd’s Bush Empire, London / 2007 by Amy Winehouse would make playlist too long
Player's Ball - Remix A cappella by Outkast would make playlist too long
Just For Me (with SZA) - Space Jam: A New Legacy by SZA would make playlist too long
Why Does Anybody Get Married? by Japanese Breakfast would make playlist too long
Together In Electric Dreams by Lola Young would make playlist too long
The Quest by Mac Miller would make playlist too long
Found album not belonging to artist 5ZS223C6JyBfXasXxrRqOk, stopping pagination
Hello Ego by Jhené Aiko would make playlist too long
Taking What's Not Yours by TV Girl is already saved
Backyard (with JID) by JID would make playlist too long
Survivors Guilt by Joey Bada$$ would make playlist too long
In My Room by Frank Ocean is already saved
Introduction to Higher Ground by Rev. Jaspar Wiliams - Live at New Bethel Baptist Church, Detroit, MI - July 1987 by Aretha Franklin would make playlist too long
Bleed (feat. Omar Apollo) by Malcolm Todd is already saved
coffee by Miguel would make playlist too long
Syrup Sandwiches (feat. Joey Bada$$) by Cordae would make playlist too long
Found album not belonging to artist 56ZTgzPBDge0OvCGgMO3OY, stopping pagination
10 Mile Stereo by Beach House would make playlist too long
Love Again by Daniel Caesar would make playlist too long
Wild Youngster (feat. ScHoolboy Q) by ScHoolboy Q is already saved
Cryin' - 2023 Mix by Miki Matsubara would make playlist too long
Zinnias by Clairo would make playlist too long
The Quest by Mac Miller would make playlist too long
From The Bottom Of My Heart - Radio Edit by Stevie Wonder would make playlist too long
ATLiens - Hoff's Benztown Radio Edit by Outkast would make playlist too long
Femme Fatale by The Velvet Underground would make playlist too long

Playlist created with 14 tracks
Total runtime: 59.9 minutes
Attempts made: 200
Creating playlist: Weekly Mix 41
Playlist 'Weekly Mix 41' created successfully!
Playlist URL: https://open.spotify.com/playlist/68e8rYbMy91lFIt14fJb9N

Artist distribution in the playlist:
girl in red: 1 track(s)
Fleetwood Mac: 1 track(s)
Lil Wayne: 1 track(s)
ScHoolboy Q: 1 track(s)
MF DOOM: 1 track(s)
The Velvet Underground: 1 track(s)
Aretha Franklin: 1 track(s)
Pusha T: 1 track(s)
Amy Winehouse: 1 track(s)
JID: 1 track(s)
MGMT: 1 track(s)
Noah Kahan: 1 track(s)
Daniel Caesar: 1 track(s)
Kanye West: 0 track(s)
Bob Marley & The Wailers: 1 track(s)
Joey Bada$$: 0 track(s)
Kali Uchis: 0 track(s)
Sarah Kinsley: 0 track(s)
alex_g_offline: 0 track(s)
SZA: 0 track(s)
Vince Staples: 0 track(s)
Mac DeMarco: 0 track(s)
Stevie Wonder: 0 track(s)
Denzel Curry: 0 track(s)
Mary J. Blige: 0 track(s)
Rocco: 0 track(s)
Roar: 0 track(s)
Laufey: 0 track(s)
Gorillaz: 0 track(s)
Outkast: 0 track(s)
Travis Scott: 0 track(s)
J. Cole: 0 track(s)
The Backseat Lovers: 0 track(s)
Childish Gambino: 0 track(s)
Dominic Fike: 0 track(s)
marQ: 0 track(s)
Baby Keem: 0 track(s)
Malcolm Todd: 0 track(s)
Mazzy Star: 0 track(s)
Tyler, The Creator: 0 track(s)
Del Water Gap: 0 track(s)
Faye Webster: 0 track(s)
The Alchemist: 0 track(s)
Tame Impala: 0 track(s)
Ms. Lauryn Hill: 0 track(s)
Alex G: 0 track(s)
Clairo: 0 track(s)
Miguel: 0 track(s)
The Strokes: 0 track(s)
GIVĒON: 0 track(s)
Steve Lacy: 0 track(s)
Jack Harlow: 0 track(s)
Ley Soul: 0 track(s)
Creedence Clearwater Revival: 0 track(s)
Suki Waterhouse: 0 track(s)
Men I Trust: 0 track(s)
Cordae: 0 track(s)
Harry Styles: 0 track(s)
Mitski: 0 track(s)
Mac Miller: 0 track(s)
Freddie Gibbs: 0 track(s)
The Kid LAROI: 0 track(s)
Kid Cudi: 0 track(s)
Isaiah Rashad: 0 track(s)
Phoebe Bridgers: 0 track(s)
Miki Matsubara: 0 track(s)
Japanese Breakfast: 0 track(s)
Lola Young: 0 track(s)
Strawberry Guy: 0 track(s)
Drake: 0 track(s)
Omar Apollo: 0 track(s)
Frank Ocean: 0 track(s)
Rainbow Kitten Surprise: 0 track(s)
Cage The Elephant: 0 track(s)
beabadoobee: 0 track(s)
Bryson Tiller: 0 track(s)
Gregory Alan Isakov: 0 track(s)
Kendrick Lamar: 0 track(s)
Jhené Aiko: 0 track(s)
Beach House: 0 track(s)
Fetching saved artists...
Found artist: Gregory Alan Isakov
Found artist: Prince
Found artist: The Kid LAROI
Found artist: Lola Young
Found artist: Harry Styles
Found artist: Mary J. Blige
Found artist: Ms. Lauryn Hill
Found artist: Creedence Clearwater Revival
Found artist: MF DOOM
Found artist: Jack Harlow
Found artist: Del Water Gap
Found artist: Adrianne Lenker
Found artist: MGMT
Found artist: The Cranberries
Found artist: Gorillaz
Found artist: Miki Matsubara
Found artist: Cordae
Found artist: Rocco
Found artist: grentperez
Found artist: J. Cole
Found artist: Bob Marley & The Wailers
Found artist: Kali Uchis
Found artist: Omar Apollo
Found artist: Outkast
Found artist: Kid Cudi
Found artist: Mac Miller
Found artist: Childish Gambino
Found artist: Malcolm Todd
Found artist: Phoebe Bridgers
Found artist: Lil Wayne
Found artist: Japanese Breakfast
Found artist: The Strokes
Found artist: Sarah Kinsley
Found artist: Mazzy Star
Found artist: Beach House
Found artist: Tyler, The Creator
Found artist: Tame Impala
Found artist: The Alchemist
Found artist: Freddie Gibbs
Found artist: Pusha T
Found artist: ScHoolboy Q
Found artist: JID
Found artist: Denzel Curry
Found artist: Vince Staples
Found artist: Isaiah Rashad
Found artist: Joey Bada$$
Found artist: The Velvet Underground
Found artist: Looking Glass
Found artist: Fleetwood Mac
Found artist: Noah Kahan
Found artist: Frank Ocean
Found artist: GIVĒON
Found artist: Brent Faiyaz
Found artist: Bryson Tiller
Found artist: Jhené Aiko
Found artist: Miguel
Found artist: Daniel Caesar
Found artist: Travis Scott
Found artist: SZA
Found artist: Baby Keem
Found artist: Kanye West
Found artist: Kendrick Lamar
Found artist: Drake
Found artist: Men I Trust
Found artist: Laufey
Found artist: beabadoobee
Found artist: Faye Webster
Found artist: Clairo
Found artist: girl in red
Found artist: Cage The Elephant
Found artist: Rainbow Kitten Surprise
Found artist: Strawberry Guy
Found artist: Mac DeMarco
Found artist: Bakar
Found artist: Steve Lacy
Found artist: Dominic Fike
Found artist: Suki Waterhouse
Found artist: The Backseat Lovers
Found artist: Stevie Wonder
Found artist: Marvin Gaye
Found artist: Aretha Franklin
Found artist: Amy Winehouse
Found artist: Alex G
Found artist: alex_g_offline
Found artist: Mitski
Found artist: Roar
Found artist: TV Girl
Found artist: Ley Soul
Found artist: marQ
Total saved artists found: 89
Creating weekly mix with max 16 tracks, 60 minutes runtime, max 2 tracks per artist
Found album not belonging to artist 6USv9qhCn6zfxlBQIYJ9qs, stopping pagination
How Much Is Weed? by Dominic Fike is already saved
Found album not belonging to artist 56ZTgzPBDge0OvCGgMO3OY, stopping pagination
✓ Dark Spring by Beach House made it to the playlist!
Found album not belonging to artist 0ONHkAv9pCAFxb0zJwDNTy, stopping pagination
✓ Circles by Pusha T made it to the playlist!
Found album not belonging to artist 6Q192DXotxtaysaqNPy5yR, stopping pagination
✓ Rehab - Demo Version by Amy Winehouse made it to the playlist!
✓ Rockstar Boyfriend by Malcolm Todd made it to the playlist!
Found album not belonging to artist 6aaMZ3fcfLv4tEbmY7bjRM, stopping pagination
✓ Hot Spot by Isaiah Rashad made it to the playlist!
Found album not belonging to artist 3IYUhFvPQItj6xySrBmZkd, stopping pagination
✓ Proud Mary - At The Royal Albert Hall / London, UK / April 14, 1970 by Creedence Clearwater Revival made it to the playlist!
Found album not belonging to artist 2uYWxilOVlUdk4oV9DvwqK, stopping pagination
Liquid Smooth by Mitski is already saved
Found album not belonging to artist 2QsynagSdAqZj3U9HgDzjD, stopping pagination
✓ Rat Race by Bob Marley & The Wailers made it to the playlist!
Found album not belonging to artist 0xPoVNPnxIIUS1vrxAYV00, stopping pagination
✓ Damn by Del Water Gap made it to the playlist!
Found album not belonging to artist 7tYKF4w9nC0nq9CsPZTHyP, stopping pagination
✓ Special (feat. SZA) by SZA made it to the playlist!
Found album not belonging to artist 5szilpXHcwOqnyKLqGco5j, stopping pagination
✓ Suite: Jonny by Faye Webster made it to the playlist!
Found album not belonging to artist 1XkoF8ryArs86LZvFOkbyr, stopping pagination
✓ Beautiful Day by Mary J. Blige made it to the playlist!
Found album not belonging to artist 5ZS223C6JyBfXasXxrRqOk, stopping pagination
✓ Sativa by Jhené Aiko made it to the playlist!
Found album not belonging to artist 5IcR3N7QB1j6KBL8eImZ8m, stopping pagination
✓ THat Part - Black Hippy Remix by ScHoolboy Q made it to the playlist!
Found album not belonging to artist 73sIBHcqh3Z3NyqHKZ7FOL, stopping pagination
✓ We Are God by Childish Gambino made it to the playlist!
Found album not belonging to artist 3TVXtAsR1Inumwj472S9r4, stopping pagination
✓ Get Along Better by Drake made it to the playlist!
Finale by Beach House would make playlist too long
Found album not belonging to artist 55Aa2cqylxrFIXC767Z865, stopping pagination
✓ Kitty Talk (feat. Quavo, Lil Wayne, & Jack Harlow) [Remix] by Lil Wayne made it to the playlist!

Playlist created with 16 tracks
Total runtime: 59.2 minutes
Attempts made: 19
Creating playlist: Weekly Mix 43
Playlist 'Weekly Mix 43' created successfully!
Playlist URL: https://open.spotify.com/playlist/65TD7THoDlUMMwCogAxNav

Artist distribution in the playlist:
Beach House: 1 track(s)
Pusha T: 1 track(s)
Amy Winehouse: 1 track(s)
Malcolm Todd: 1 track(s)
Isaiah Rashad: 1 track(s)
Creedence Clearwater Revival: 1 track(s)
Bob Marley & The Wailers: 1 track(s)
Del Water Gap: 1 track(s)
SZA: 1 track(s)
Faye Webster: 1 track(s)
Mary J. Blige: 1 track(s)
Jhené Aiko: 1 track(s)
ScHoolboy Q: 1 track(s)
Childish Gambino: 1 track(s)
Drake: 1 track(s)
Lil Wayne: 1 track(s)
Fetching saved artists...
Traceback (most recent call last):
  File "/opt/homebrew/Caskroom/miniconda/base/envs/spotify/lib/python3.12/site-packages/urllib3/connectionpool.py", line 789, in urlopen
    response = self._make_request(
               ^^^^^^^^^^^^^^^^^^^
  File "/opt/homebrew/Caskroom/miniconda/base/envs/spotify/lib/python3.12/site-packages/urllib3/connectionpool.py", line 536, in _make_request
    response = conn.getresponse()
               ^^^^^^^^^^^^^^^^^^
  File "/opt/homebrew/Caskroom/miniconda/base/envs/spotify/lib/python3.12/site-packages/urllib3/connection.py", line 507, in getresponse
    httplib_response = super().getresponse()
                       ^^^^^^^^^^^^^^^^^^^^^
  File "/opt/homebrew/Caskroom/miniconda/base/envs/spotify/lib/python3.12/http/client.py", line 1423, in getresponse
    response.begin()
  File "/opt/homebrew/Caskroom/miniconda/base/envs/spotify/lib/python3.12/http/client.py", line 331, in begin
    version, status, reason = self._read_status()
                              ^^^^^^^^^^^^^^^^^^^
  File "/opt/homebrew/Caskroom/miniconda/base/envs/spotify/lib/python3.12/http/client.py", line 300, in _read_status
    raise RemoteDisconnected("Remote end closed connection without"
http.client.RemoteDisconnected: Remote end closed connection without response

During handling of the above exception, another exception occurred:

Traceback (most recent call last):
  File "/opt/homebrew/Caskroom/miniconda/base/envs/spotify/lib/python3.12/site-packages/requests/adapters.py", line 667, in send
    resp = conn.urlopen(
           ^^^^^^^^^^^^^
  File "/opt/homebrew/Caskroom/miniconda/base/envs/spotify/lib/python3.12/site-packages/urllib3/connectionpool.py", line 843, in urlopen
    retries = retries.increment(
              ^^^^^^^^^^^^^^^^^^
  File "/opt/homebrew/Caskroom/miniconda/base/envs/spotify/lib/python3.12/site-packages/urllib3/util/retry.py", line 474, in increment
    raise reraise(type(error), error, _stacktrace)
          ^^^^^^^^^^^^^^^^^^^^^^^^^^^^^^^^^^^^^^^^
  File "/opt/homebrew/Caskroom/miniconda/base/envs/spotify/lib/python3.12/site-packages/urllib3/util/util.py", line 38, in reraise
    raise value.with_traceback(tb)
  File "/opt/homebrew/Caskroom/miniconda/base/envs/spotify/lib/python3.12/site-packages/urllib3/connectionpool.py", line 789, in urlopen
    response = self._make_request(
               ^^^^^^^^^^^^^^^^^^^
  File "/opt/homebrew/Caskroom/miniconda/base/envs/spotify/lib/python3.12/site-packages/urllib3/connectionpool.py", line 536, in _make_request
    response = conn.getresponse()
               ^^^^^^^^^^^^^^^^^^
  File "/opt/homebrew/Caskroom/miniconda/base/envs/spotify/lib/python3.12/site-packages/urllib3/connection.py", line 507, in getresponse
    httplib_response = super().getresponse()
                       ^^^^^^^^^^^^^^^^^^^^^
  File "/opt/homebrew/Caskroom/miniconda/base/envs/spotify/lib/python3.12/http/client.py", line 1423, in getresponse
    response.begin()
  File "/opt/homebrew/Caskroom/miniconda/base/envs/spotify/lib/python3.12/http/client.py", line 331, in begin
    version, status, reason = self._read_status()
                              ^^^^^^^^^^^^^^^^^^^
  File "/opt/homebrew/Caskroom/miniconda/base/envs/spotify/lib/python3.12/http/client.py", line 300, in _read_status
    raise RemoteDisconnected("Remote end closed connection without"
urllib3.exceptions.ProtocolError: ('Connection aborted.', RemoteDisconnected('Remote end closed connection without response'))

During handling of the above exception, another exception occurred:

Traceback (most recent call last):
  File "/Users/aaryanrampal/personal/programs/spotify/make-weekly-mix-saved-artists.py", line 66, in <module>
    results = sp.current_user_followed_artists(limit=50)
              ^^^^^^^^^^^^^^^^^^^^^^^^^^^^^^^^^^^^^^^^^^
  File "/opt/homebrew/Caskroom/miniconda/base/envs/spotify/lib/python3.12/site-packages/spotipy/client.py", line 1422, in current_user_followed_artists
    return self._get(
           ^^^^^^^^^^
  File "/opt/homebrew/Caskroom/miniconda/base/envs/spotify/lib/python3.12/site-packages/spotipy/client.py", line 323, in _get
    return self._internal_call("GET", url, payload, kwargs)
           ^^^^^^^^^^^^^^^^^^^^^^^^^^^^^^^^^^^^^^^^^^^^^^^^
  File "/opt/homebrew/Caskroom/miniconda/base/envs/spotify/lib/python3.12/site-packages/spotipy/client.py", line 247, in _internal_call
    headers = self._auth_headers()
              ^^^^^^^^^^^^^^^^^^^^
  File "/opt/homebrew/Caskroom/miniconda/base/envs/spotify/lib/python3.12/site-packages/spotipy/client.py", line 238, in _auth_headers
    token = self.auth_manager.get_access_token(as_dict=False)
            ^^^^^^^^^^^^^^^^^^^^^^^^^^^^^^^^^^^^^^^^^^^^^^^^^
  File "/opt/homebrew/Caskroom/miniconda/base/envs/spotify/lib/python3.12/site-packages/spotipy/oauth2.py", line 525, in get_access_token
    token_info = self.validate_token(self.cache_handler.get_cached_token())
                 ^^^^^^^^^^^^^^^^^^^^^^^^^^^^^^^^^^^^^^^^^^^^^^^^^^^^^^^^^^
  File "/opt/homebrew/Caskroom/miniconda/base/envs/spotify/lib/python3.12/site-packages/spotipy/oauth2.py", line 380, in validate_token
    token_info = self.refresh_access_token(
                 ^^^^^^^^^^^^^^^^^^^^^^^^^^
  File "/opt/homebrew/Caskroom/miniconda/base/envs/spotify/lib/python3.12/site-packages/spotipy/oauth2.py", line 581, in refresh_access_token
    response = self._session.post(
               ^^^^^^^^^^^^^^^^^^^
  File "/opt/homebrew/Caskroom/miniconda/base/envs/spotify/lib/python3.12/site-packages/requests/sessions.py", line 637, in post
    return self.request("POST", url, data=data, json=json, **kwargs)
           ^^^^^^^^^^^^^^^^^^^^^^^^^^^^^^^^^^^^^^^^^^^^^^^^^^^^^^^^^
  File "/opt/homebrew/Caskroom/miniconda/base/envs/spotify/lib/python3.12/site-packages/requests/sessions.py", line 589, in request
    resp = self.send(prep, **send_kwargs)
           ^^^^^^^^^^^^^^^^^^^^^^^^^^^^^^
  File "/opt/homebrew/Caskroom/miniconda/base/envs/spotify/lib/python3.12/site-packages/requests/sessions.py", line 703, in send
    r = adapter.send(request, **kwargs)
        ^^^^^^^^^^^^^^^^^^^^^^^^^^^^^^^
  File "/opt/homebrew/Caskroom/miniconda/base/envs/spotify/lib/python3.12/site-packages/requests/adapters.py", line 682, in send
    raise ConnectionError(err, request=request)
requests.exceptions.ConnectionError: ('Connection aborted.', RemoteDisconnected('Remote end closed connection without response'))
